Analysis & Synthesis report for spi_dac
Mon Mar 13 12:35:38 2023
Quartus II 64-Bit Version 13.1.0 Build 162 10/23/2013 SJ Web Edition


---------------------
; Table of Contents ;
---------------------
  1. Legal Notice
  2. Analysis & Synthesis Summary
  3. Analysis & Synthesis Settings
  4. Parallel Compilation
  5. Analysis & Synthesis Source Files Read
  6. Analysis & Synthesis Resource Usage Summary
  7. Analysis & Synthesis Resource Utilization by Entity
  8. State Machine - |spi_dac|uc_spi_out:cp5|est
  9. State Machine - |spi_dac|impulso_ini:cp3|estado
 10. Registers Removed During Synthesis
 11. Removed Registers Triggering Further Register Optimizations
 12. General Register Statistics
 13. Inverted Register Statistics
 14. Multiplexer Restructuring Statistics (Restructuring Performed)
 15. Parameter Settings for User Entity Instance: divisor_reloj:cp2
 16. Port Connectivity Checks: "divisor_reloj:cp2"
 17. Elapsed Time Per Partition
 18. Analysis & Synthesis Messages



----------------
; Legal Notice ;
----------------
Copyright (C) 1991-2013 Altera Corporation
Your use of Altera Corporation's design tools, logic functions 
and other software and tools, and its AMPP partner logic 
functions, and any output files from any of the foregoing 
(including device programming or simulation files), and any 
associated documentation or information are expressly subject 
to the terms and conditions of the Altera Program License 
Subscription Agreement, Altera MegaCore Function License 
Agreement, or other applicable license agreement, including, 
without limitation, that your use is for the sole purpose of 
programming logic devices manufactured by Altera and sold by 
Altera or its authorized distributors.  Please refer to the 
applicable agreement for further details.



+---------------------------------------------------------------------------------+
; Analysis & Synthesis Summary                                                    ;
+------------------------------------+--------------------------------------------+
; Analysis & Synthesis Status        ; Successful - Mon Mar 13 12:35:38 2023      ;
; Quartus II 64-Bit Version          ; 13.1.0 Build 162 10/23/2013 SJ Web Edition ;
; Revision Name                      ; spi_dac                                    ;
; Top-level Entity Name              ; spi_dac                                    ;
; Family                             ; Cyclone III                                ;
; Total logic elements               ; 35                                         ;
;     Total combinational functions  ; 35                                         ;
;     Dedicated logic registers      ; 28                                         ;
; Total registers                    ; 28                                         ;
; Total pins                         ; 17                                         ;
; Total virtual pins                 ; 0                                          ;
; Total memory bits                  ; 0                                          ;
; Embedded Multiplier 9-bit elements ; 0                                          ;
; Total PLLs                         ; 0                                          ;
+------------------------------------+--------------------------------------------+


+----------------------------------------------------------------------------------------------------------------------+
; Analysis & Synthesis Settings                                                                                        ;
+----------------------------------------------------------------------------+--------------------+--------------------+
; Option                                                                     ; Setting            ; Default Value      ;
+----------------------------------------------------------------------------+--------------------+--------------------+
; Device                                                                     ; EP3C16F484C6       ;                    ;
; Top-level entity name                                                      ; spi_dac            ; spi_dac            ;
; Family name                                                                ; Cyclone III        ; Cyclone IV GX      ;
; Use smart compilation                                                      ; Off                ; Off                ;
; Enable parallel Assembler and TimeQuest Timing Analyzer during compilation ; On                 ; On                 ;
; Enable compact report table                                                ; Off                ; Off                ;
; Restructure Multiplexers                                                   ; Auto               ; Auto               ;
; Create Debugging Nodes for IP Cores                                        ; Off                ; Off                ;
; Preserve fewer node names                                                  ; On                 ; On                 ;
; Disable OpenCore Plus hardware evaluation                                  ; Off                ; Off                ;
; Verilog Version                                                            ; Verilog_2001       ; Verilog_2001       ;
; VHDL Version                                                               ; VHDL_1993          ; VHDL_1993          ;
; State Machine Processing                                                   ; Auto               ; Auto               ;
; Safe State Machine                                                         ; Off                ; Off                ;
; Extract Verilog State Machines                                             ; On                 ; On                 ;
; Extract VHDL State Machines                                                ; On                 ; On                 ;
; Ignore Verilog initial constructs                                          ; Off                ; Off                ;
; Iteration limit for constant Verilog loops                                 ; 5000               ; 5000               ;
; Iteration limit for non-constant Verilog loops                             ; 250                ; 250                ;
; Add Pass-Through Logic to Inferred RAMs                                    ; On                 ; On                 ;
; Infer RAMs from Raw Logic                                                  ; On                 ; On                 ;
; Parallel Synthesis                                                         ; On                 ; On                 ;
; DSP Block Balancing                                                        ; Auto               ; Auto               ;
; NOT Gate Push-Back                                                         ; On                 ; On                 ;
; Power-Up Don't Care                                                        ; On                 ; On                 ;
; Remove Redundant Logic Cells                                               ; Off                ; Off                ;
; Remove Duplicate Registers                                                 ; On                 ; On                 ;
; Ignore CARRY Buffers                                                       ; Off                ; Off                ;
; Ignore CASCADE Buffers                                                     ; Off                ; Off                ;
; Ignore GLOBAL Buffers                                                      ; Off                ; Off                ;
; Ignore ROW GLOBAL Buffers                                                  ; Off                ; Off                ;
; Ignore LCELL Buffers                                                       ; Off                ; Off                ;
; Ignore SOFT Buffers                                                        ; On                 ; On                 ;
; Limit AHDL Integers to 32 Bits                                             ; Off                ; Off                ;
; Optimization Technique                                                     ; Balanced           ; Balanced           ;
; Carry Chain Length                                                         ; 70                 ; 70                 ;
; Auto Carry Chains                                                          ; On                 ; On                 ;
; Auto Open-Drain Pins                                                       ; On                 ; On                 ;
; Perform WYSIWYG Primitive Resynthesis                                      ; Off                ; Off                ;
; Auto ROM Replacement                                                       ; On                 ; On                 ;
; Auto RAM Replacement                                                       ; On                 ; On                 ;
; Auto DSP Block Replacement                                                 ; On                 ; On                 ;
; Auto Shift Register Replacement                                            ; Auto               ; Auto               ;
; Allow Shift Register Merging across Hierarchies                            ; Auto               ; Auto               ;
; Auto Clock Enable Replacement                                              ; On                 ; On                 ;
; Strict RAM Replacement                                                     ; Off                ; Off                ;
; Allow Synchronous Control Signals                                          ; On                 ; On                 ;
; Force Use of Synchronous Clear Signals                                     ; Off                ; Off                ;
; Auto RAM Block Balancing                                                   ; On                 ; On                 ;
; Auto RAM to Logic Cell Conversion                                          ; Off                ; Off                ;
; Auto Resource Sharing                                                      ; Off                ; Off                ;
; Allow Any RAM Size For Recognition                                         ; Off                ; Off                ;
; Allow Any ROM Size For Recognition                                         ; Off                ; Off                ;
; Allow Any Shift Register Size For Recognition                              ; Off                ; Off                ;
; Use LogicLock Constraints during Resource Balancing                        ; On                 ; On                 ;
; Ignore translate_off and synthesis_off directives                          ; Off                ; Off                ;
; Timing-Driven Synthesis                                                    ; On                 ; On                 ;
; Report Parameter Settings                                                  ; On                 ; On                 ;
; Report Source Assignments                                                  ; On                 ; On                 ;
; Report Connectivity Checks                                                 ; On                 ; On                 ;
; Ignore Maximum Fan-Out Assignments                                         ; Off                ; Off                ;
; Synchronization Register Chain Length                                      ; 2                  ; 2                  ;
; PowerPlay Power Optimization                                               ; Normal compilation ; Normal compilation ;
; HDL message level                                                          ; Level2             ; Level2             ;
; Suppress Register Optimization Related Messages                            ; Off                ; Off                ;
; Number of Removed Registers Reported in Synthesis Report                   ; 5000               ; 5000               ;
; Number of Swept Nodes Reported in Synthesis Report                         ; 5000               ; 5000               ;
; Number of Inverted Registers Reported in Synthesis Report                  ; 100                ; 100                ;
; Clock MUX Protection                                                       ; On                 ; On                 ;
; Auto Gated Clock Conversion                                                ; Off                ; Off                ;
; Block Design Naming                                                        ; Auto               ; Auto               ;
; SDC constraint protection                                                  ; Off                ; Off                ;
; Synthesis Effort                                                           ; Auto               ; Auto               ;
; Shift Register Replacement - Allow Asynchronous Clear Signal               ; On                 ; On                 ;
; Pre-Mapping Resynthesis Optimization                                       ; Off                ; Off                ;
; Analysis & Synthesis Message Level                                         ; Medium             ; Medium             ;
; Disable Register Merging Across Hierarchies                                ; Auto               ; Auto               ;
; Resource Aware Inference For Block RAM                                     ; On                 ; On                 ;
; Synthesis Seed                                                             ; 1                  ; 1                  ;
+----------------------------------------------------------------------------+--------------------+--------------------+


+------------------------------------------+
; Parallel Compilation                     ;
+----------------------------+-------------+
; Processors                 ; Number      ;
+----------------------------+-------------+
; Number detected on machine ; 16          ;
; Maximum allowed            ; 16          ;
;                            ;             ;
; Average used               ; 1.00        ;
; Maximum used               ; 2           ;
;                            ;             ;
; Usage by Processor         ; % Time Used ;
;     Processor 1            ; 100.0%      ;
;     Processor 2            ; < 0.1%      ;
;     Processors 3-16        ;   0.0%      ;
+----------------------------+-------------+


+-----------------------------------------------------------------------------------------------------------------------------------------------------------+
; Analysis & Synthesis Source Files Read                                                                                                                    ;
+----------------------------------+-----------------+-----------------+--------------------------------------------------------------------------+---------+
; File Name with User-Entered Path ; Used in Netlist ; File Type       ; File Name with Absolute Path                                             ; Library ;
+----------------------------------+-----------------+-----------------+--------------------------------------------------------------------------+---------+
; uc_spi_out.vhd                   ; yes             ; User VHDL File  ; C:/Users/eloyc/OneDrive/Documentos/4UNI/LSDP/practica5/uc_spi_out.vhd    ;         ;
; spi_dac.vhd                      ; yes             ; User VHDL File  ; C:/Users/eloyc/OneDrive/Documentos/4UNI/LSDP/practica5/spi_dac.vhd       ;         ;
; reg_des.vhd                      ; yes             ; User VHDL File  ; C:/Users/eloyc/OneDrive/Documentos/4UNI/LSDP/practica5/reg_des.vhd       ;         ;
; impulso_ini.vhd                  ; yes             ; User VHDL File  ; C:/Users/eloyc/OneDrive/Documentos/4UNI/LSDP/practica5/impulso_ini.vhd   ;         ;
; divisor_reloj.vhd                ; yes             ; User VHDL File  ; C:/Users/eloyc/OneDrive/Documentos/4UNI/LSDP/practica5/divisor_reloj.vhd ;         ;
; contador.vhd                     ; yes             ; User VHDL File  ; C:/Users/eloyc/OneDrive/Documentos/4UNI/LSDP/practica5/contador.vhd      ;         ;
+----------------------------------+-----------------+-----------------+--------------------------------------------------------------------------+---------+


+------------------------------------------------------------------------+
; Analysis & Synthesis Resource Usage Summary                            ;
+---------------------------------------------+--------------------------+
; Resource                                    ; Usage                    ;
+---------------------------------------------+--------------------------+
; Estimated Total logic elements              ; 35                       ;
;                                             ;                          ;
; Total combinational functions               ; 35                       ;
; Logic element usage by number of LUT inputs ;                          ;
;     -- 4 input functions                    ; 5                        ;
;     -- 3 input functions                    ; 13                       ;
;     -- <=2 input functions                  ; 17                       ;
;                                             ;                          ;
; Logic elements by mode                      ;                          ;
;     -- normal mode                          ; 32                       ;
;     -- arithmetic mode                      ; 3                        ;
;                                             ;                          ;
; Total registers                             ; 28                       ;
;     -- Dedicated logic registers            ; 28                       ;
;     -- I/O registers                        ; 0                        ;
;                                             ;                          ;
; I/O pins                                    ; 17                       ;
; Embedded Multiplier 9-bit elements          ; 0                        ;
; Maximum fan-out node                        ; divisor_reloj:cp2|clkout ;
; Maximum fan-out                             ; 25                       ;
; Total fan-out                               ; 216                      ;
; Average fan-out                             ; 2.23                     ;
+---------------------------------------------+--------------------------+


+------------------------------------------------------------------------------------------------------------------------------------------------------------------------------------+
; Analysis & Synthesis Resource Utilization by Entity                                                                                                                                ;
+----------------------------+-------------------+--------------+-------------+--------------+---------+-----------+------+--------------+----------------------------+--------------+
; Compilation Hierarchy Node ; LC Combinationals ; LC Registers ; Memory Bits ; DSP Elements ; DSP 9x9 ; DSP 18x18 ; Pins ; Virtual Pins ; Full Hierarchy Name        ; Library Name ;
+----------------------------+-------------------+--------------+-------------+--------------+---------+-----------+------+--------------+----------------------------+--------------+
; |spi_dac                   ; 35 (0)            ; 28 (0)       ; 0           ; 0            ; 0       ; 0         ; 17   ; 0            ; |spi_dac                   ; work         ;
;    |contador:cp4|          ; 7 (7)             ; 5 (5)        ; 0           ; 0            ; 0       ; 0         ; 0    ; 0            ; |spi_dac|contador:cp4      ; work         ;
;    |divisor_reloj:cp2|     ; 4 (4)             ; 4 (4)        ; 0           ; 0            ; 0       ; 0         ; 0    ; 0            ; |spi_dac|divisor_reloj:cp2 ; work         ;
;    |impulso_ini:cp3|       ; 2 (2)             ; 2 (2)        ; 0           ; 0            ; 0       ; 0         ; 0    ; 0            ; |spi_dac|impulso_ini:cp3   ; work         ;
;    |reg_des:cp1|           ; 15 (15)           ; 14 (14)      ; 0           ; 0            ; 0       ; 0         ; 0    ; 0            ; |spi_dac|reg_des:cp1       ; work         ;
;    |uc_spi_out:cp5|        ; 7 (7)             ; 3 (3)        ; 0           ; 0            ; 0       ; 0         ; 0    ; 0            ; |spi_dac|uc_spi_out:cp5    ; work         ;
+----------------------------+-------------------+--------------+-------------+--------------+---------+-----------+------+--------------+----------------------------+--------------+
Note: For table entries with two numbers listed, the numbers in parentheses indicate the number of resources of the given type used by the specific entity alone. The numbers listed outside of parentheses indicate the total resources of the given type used by the specific entity and all of its sub-entities in the hierarchy.


Encoding Type:  One-Hot
+---------------------------------------------+
; State Machine - |spi_dac|uc_spi_out:cp5|est ;
+--------+--------+--------+------------------+
; Name   ; est.e2 ; est.e1 ; est.e0           ;
+--------+--------+--------+------------------+
; est.e0 ; 0      ; 0      ; 0                ;
; est.e1 ; 0      ; 1      ; 1                ;
; est.e2 ; 1      ; 0      ; 1                ;
+--------+--------+--------+------------------+


Encoding Type:  One-Hot
+-------------------------------------------------+
; State Machine - |spi_dac|impulso_ini:cp3|estado ;
+-----------+-----------+-----------+-------------+
; Name      ; estado.e2 ; estado.e1 ; estado.e0   ;
+-----------+-----------+-----------+-------------+
; estado.e0 ; 0         ; 0         ; 0           ;
; estado.e1 ; 0         ; 1         ; 1           ;
; estado.e2 ; 1         ; 0         ; 1           ;
+-----------+-----------+-----------+-------------+


+--------------------------------------------------------------------------------+
; Registers Removed During Synthesis                                             ;
+---------------------------------------+----------------------------------------+
; Register name                         ; Reason for Removal                     ;
+---------------------------------------+----------------------------------------+
; reg_des:cp1|Q[0,1]                    ; Stuck at GND due to stuck port data_in ;
; impulso_ini:cp3|estado.e2             ; Lost fanout                            ;
; Total Number of Removed Registers = 3 ;                                        ;
+---------------------------------------+----------------------------------------+


+---------------------------------------------------------------------------------------+
; Removed Registers Triggering Further Register Optimizations                           ;
+------------------+---------------------------+----------------------------------------+
; Register name    ; Reason for Removal        ; Registers Removed due to This Register ;
+------------------+---------------------------+----------------------------------------+
; reg_des:cp1|Q[0] ; Stuck at GND              ; reg_des:cp1|Q[1]                       ;
;                  ; due to stuck port data_in ;                                        ;
+------------------+---------------------------+----------------------------------------+


+------------------------------------------------------+
; General Register Statistics                          ;
+----------------------------------------------+-------+
; Statistic                                    ; Value ;
+----------------------------------------------+-------+
; Total registers                              ; 28    ;
; Number of registers using Synchronous Clear  ; 0     ;
; Number of registers using Synchronous Load   ; 1     ;
; Number of registers using Asynchronous Clear ; 28    ;
; Number of registers using Asynchronous Load  ; 0     ;
; Number of registers using Clock Enable       ; 17    ;
; Number of registers using Preset             ; 0     ;
+----------------------------------------------+-------+


+--------------------------------------------------+
; Inverted Register Statistics                     ;
+----------------------------------------+---------+
; Inverted Register                      ; Fan out ;
+----------------------------------------+---------+
; divisor_reloj:cp2|contador[0]          ; 4       ;
; Total number of inverted registers = 1 ;         ;
+----------------------------------------+---------+


+------------------------------------------------------------------------------------------------------------------------------------------------------+
; Multiplexer Restructuring Statistics (Restructuring Performed)                                                                                       ;
+--------------------+-----------+---------------+----------------------+------------------------+------------+----------------------------------------+
; Multiplexer Inputs ; Bus Width ; Baseline Area ; Area if Restructured ; Saving if Restructured ; Registered ; Example Multiplexer Output             ;
+--------------------+-----------+---------------+----------------------+------------------------+------------+----------------------------------------+
; 3:1                ; 4 bits    ; 8 LEs         ; 4 LEs                ; 4 LEs                  ; Yes        ; |spi_dac|reg_des:cp1|Q[15]             ;
; 3:1                ; 9 bits    ; 18 LEs        ; 9 LEs                ; 9 LEs                  ; Yes        ; |spi_dac|reg_des:cp1|Q[11]             ;
; 3:1                ; 2 bits    ; 4 LEs         ; 2 LEs                ; 2 LEs                  ; Yes        ; |spi_dac|divisor_reloj:cp2|contador[2] ;
+--------------------+-----------+---------------+----------------------+------------------------+------------+----------------------------------------+


+----------------------------------------------------------------+
; Parameter Settings for User Entity Instance: divisor_reloj:cp2 ;
+----------------+-------+---------------------------------------+
; Parameter Name ; Value ; Type                                  ;
+----------------+-------+---------------------------------------+
; n              ; 3     ; Signed Integer                        ;
+----------------+-------+---------------------------------------+
Note: In order to hide this table in the UI and the text report file, please set the "Show Parameter Settings in Synthesis Report" option in "Analysis and Synthesis Settings -> More Settings" to "Off".


+-----------------------------------------------+
; Port Connectivity Checks: "divisor_reloj:cp2" ;
+-----------+-------+----------+----------------+
; Port      ; Type  ; Severity ; Details        ;
+-----------+-------+----------+----------------+
; modulo[2] ; Input ; Info     ; Stuck at VCC   ;
; modulo[1] ; Input ; Info     ; Stuck at GND   ;
; modulo[0] ; Input ; Info     ; Stuck at VCC   ;
+-----------+-------+----------+----------------+


+-------------------------------+
; Elapsed Time Per Partition    ;
+----------------+--------------+
; Partition Name ; Elapsed Time ;
+----------------+--------------+
; Top            ; 00:00:00     ;
+----------------+--------------+


+-------------------------------+
; Analysis & Synthesis Messages ;
+-------------------------------+
Info: *******************************************************************
Info: Running Quartus II 64-Bit Analysis & Synthesis
    Info: Version 13.1.0 Build 162 10/23/2013 SJ Web Edition
    Info: Processing started: Mon Mar 13 12:35:35 2023
Info: Command: quartus_map --read_settings_files=on --write_settings_files=off spi_dac -c spi_dac
Info (20030): Parallel compilation is enabled and will use 16 of the 16 processors detected
Info (12021): Found 2 design units, including 1 entities, in source file uc_spi_out.vhd
    Info (12022): Found design unit 1: uc_spi_out-comportamiento
    Info (12023): Found entity 1: uc_spi_out
Info (12021): Found 2 design units, including 1 entities, in source file spi_dac.vhd
    Info (12022): Found design unit 1: spi_dac-circuito
    Info (12023): Found entity 1: spi_dac
Info (12021): Found 2 design units, including 1 entities, in source file reg_des.vhd
    Info (12022): Found design unit 1: reg_des-circuito
    Info (12023): Found entity 1: reg_des
Info (12021): Found 2 design units, including 1 entities, in source file impulso_ini.vhd
    Info (12022): Found design unit 1: impulso_ini-comportamiento
    Info (12023): Found entity 1: impulso_ini
Info (12021): Found 2 design units, including 1 entities, in source file divisor_reloj.vhd
    Info (12022): Found design unit 1: divisor_reloj-decripcion
    Info (12023): Found entity 1: divisor_reloj
Info (12021): Found 2 design units, including 1 entities, in source file contador.vhd
    Info (12022): Found design unit 1: contador-algoritmo
    Info (12023): Found entity 1: contador
Info (12127): Elaborating entity "spi_dac" for the top level hierarchy
Info (12128): Elaborating entity "reg_des" for hierarchy "reg_des:cp1"
Info (12128): Elaborating entity "divisor_reloj" for hierarchy "divisor_reloj:cp2"
Info (12128): Elaborating entity "impulso_ini" for hierarchy "impulso_ini:cp3"
Info (12128): Elaborating entity "contador" for hierarchy "contador:cp4"
Info (12128): Elaborating entity "uc_spi_out" for hierarchy "uc_spi_out:cp5"
Info (13000): Registers with preset signals will power-up high
Info (13003): DEV_CLRn pin will set, and not reset, register with preset signal due to NOT Gate Push-Back
Critical Warning (18061): Ignored Power-Up Level option on the following registers
    Critical Warning (18010): Register divisor_reloj:cp2|contador[0] will power up to High
Info (286030): Timing-Driven Synthesis is running
Info (17049): 1 registers lost all their fanouts during netlist optimizations.
Info (16010): Generating hard_block partition "hard_block:auto_generated_inst"
    Info (16011): Adding 0 node(s), including 0 DDIO, 0 PLL, 0 transceiver and 0 LCELL
Info (21057): Implemented 52 device resources after synthesis - the final resource count might be different
    Info (21058): Implemented 13 input pins
    Info (21059): Implemented 4 output pins
    Info (21061): Implemented 35 logic cells
Info: Quartus II 64-Bit Analysis & Synthesis was successful. 0 errors, 2 warnings
    Info: Peak virtual memory: 4701 megabytes
    Info: Processing ended: Mon Mar 13 12:35:38 2023
    Info: Elapsed time: 00:00:03
    Info: Total CPU time (on all processors): 00:00:01


